<?xml version="1.0" encoding="utf-8"?><testsuites name="pytest tests"><testsuite name="pytest" errors="0" failures="1" skipped="0" tests="110" time="592.557" timestamp="2026-09-17T21:38:38.777536+08:00" hostname="LAPTOP-BBTJFC78"><testcase classname="tests.test_api" name="test_pairing_single_use_expiry_cookie_and_logout" time="0.588" /><testcase classname="tests.test_api" name="test_origin_host_csrf_are_independent_guards" time="0.516" /><testcase classname="tests.test_api" name="test_idempotent_replay_precedes_business_and_conflicting_body_is_rejected" time="0.684" /><testcase classname="tests.test_api" name="test_upload_authorization_size_dedup_and_active_content_isolation" time="0.721" /><testcase classname="tests.test_api" name="test_schema_validation_does_not_echo_private_input" time="0.832" /><testcase classname="tests.test_api" name="test_sse_rejects_future_conflicting_and_wrong_run_cursors_before_stream" time="0.528" /><testcase classname="tests.test_api" name="test_feature_unavailable_is_explicit" time="0.655" /><testcase classname="tests.test_api" name="test_static_plugin_routes_use_typed_manifest_and_idempotency" time="0.578" /><testcase classname="tests.test_api" name="test_public_message_schema_accepts_empty_tool_call_assistant_text" time="0.002" /><testcase classname="tests.test_config_policy_skills_integration" name="test_named_policy_and_default_context_are_resolved_and_unknown_refs_rejected" time="0.993" /><testcase classname="tests.test_config_policy_skills_integration" name="test_skill_current_source_revocation_and_binary_resource_gateway_artifact" time="2.116" /><testcase classname="tests.test_cross_module_guards" name="test_future_schema_rejected_without_changing_database" time="0.041" /><testcase classname="tests.test_cross_module_guards" name="test_selected_skill_hash_drift_is_rejected_before_run_is_created" time="0.572" /><testcase classname="tests.test_cross_module_guards" name="test_frozen_local_only_never_expands_when_live_policy_is_relaxed" time="0.681" /><testcase classname="tests.test_cross_module_guards" name="test_cancel_closes_pending_form_and_rejects_stale_reply" time="0.931" /><testcase classname="tests.test_cross_module_guards" name="test_idempotent_none_receipt_and_content_free_metrics" time="0.495" /><testcase classname="tests.test_integration" name="test_production_worker_text_tool_approval_and_input" time="112.175" /><testcase classname="tests.test_integration" name="test_one_worker_slot_parent_releases_for_child" time="64.072" /><testcase classname="tests.test_integration" name="test_steering_persists_once_and_fork_retains_working_history" time="42.902" /><testcase classname="tests.test_mcp" name="test_p01_http_interop_resources_prompts_and_reentrant[request-sse-modern_only]" time="0.886" /><testcase classname="tests.test_mcp" name="test_p01_http_interop_resources_prompts_and_reentrant[request-sse-legacy_only]" time="0.607" /><testcase classname="tests.test_mcp" name="test_p01_http_interop_resources_prompts_and_reentrant[json-response-modern_only]" time="0.431" /><testcase classname="tests.test_mcp" name="test_p01_http_interop_resources_prompts_and_reentrant[json-response-legacy_only]" time="0.529" /><testcase classname="tests.test_mcp" name="test_p01_stdio_interop_and_run_scope[modern_only]" time="3.643" /><testcase classname="tests.test_mcp" name="test_p01_stdio_interop_and_run_scope[legacy_only]" time="3.284" /><testcase classname="tests.test_mcp" name="test_p01_stdio_vault_reference_target_binding_and_schema" time="3.580" /><testcase classname="tests.test_mcp" name="test_p02_errors_cancel_and_gateway_authorization[request-sse]" time="0.524" /><testcase classname="tests.test_mcp" name="test_p02_errors_cancel_and_gateway_authorization[json-response]" time="1.721" /><testcase classname="tests.test_mcp" name="test_p04_elicitation_refusal_and_diagnostic_no_tools[request-sse-modern_only]" time="0.330" /><testcase classname="tests.test_mcp" name="test_p04_elicitation_refusal_and_diagnostic_no_tools[request-sse-legacy_only]" time="0.527" /><testcase classname="tests.test_mcp" name="test_p04_elicitation_refusal_and_diagnostic_no_tools[json-response-modern_only]" time="0.325" /><testcase classname="tests.test_mcp" name="test_p04_elicitation_refusal_and_diagnostic_no_tools[json-response-legacy_only]" time="0.419" /><testcase classname="tests.test_mcp" name="test_mp05_elicitation_bridge[request-sse-modern_only]" time="0.340" /><testcase classname="tests.test_mcp" name="test_mp05_elicitation_bridge[request-sse-legacy_only]" time="0.416" /><testcase classname="tests.test_mcp" name="test_mp05_elicitation_bridge[json-response-modern_only]" time="0.327" /><testcase classname="tests.test_mcp" name="test_mp05_elicitation_bridge[json-response-legacy_only]" time="0.545" /><testcase classname="tests.test_mcp" name="test_p03_empty_repeated_cursor_schema_and_identity_partition" time="0.012" /><testcase classname="tests.test_mcp" name="test_p01_explicit_legacy_sse" time="0.344" /><testcase classname="tests.test_mcp_authorization" name="test_mp05_durable_oauth_restart_state_issuer_replay_and_no_plaintext" time="0.308" /><testcase classname="tests.test_mcp_continuation" name="test_legacy_profile_elicitation_flag_preserves_noninteractive_tools[request-sse]" time="2.595" /><testcase classname="tests.test_mcp_continuation" name="test_legacy_profile_elicitation_flag_preserves_noninteractive_tools[json-response]" time="2.471" /><testcase classname="tests.test_mcp_continuation" name="test_mp05_modern_mrtr_production_gateway_checkpoint_restart_and_pinned_profile[request-sse]" time="69.044" /><testcase classname="tests.test_mcp_continuation" name="test_mp05_modern_mrtr_production_gateway_checkpoint_restart_and_pinned_profile[json-response]" time="68.814" /><testcase classname="tests.test_mcp_oauth" name="test_mp05_oauth_pkce_discovery_registration_callback_and_vault" time="0.010" /><testcase classname="tests.test_mcp_oauth" name="test_mp05_oauth_rejects_callback_state_and_issuer[invalid_state]" time="0.033" /><testcase classname="tests.test_mcp_oauth" name="test_mp05_oauth_rejects_callback_state_and_issuer[invalid_issuer]" time="0.033" /><testcase classname="tests.test_model_providers" name="test_real_adapter_protocol_fixture_multi_round[openai-chat_completions-/v1]" time="8.240" /><testcase classname="tests.test_model_providers" name="test_real_adapter_protocol_fixture_multi_round[anthropic-messages-]" time="3.937" /><testcase classname="tests.test_model_providers" name="test_real_adapter_protocol_fixture_multi_round[ollama-chat-]" time="4.748" /><testcase classname="tests.test_model_providers" name="test_gateway_retry_owner_unknown_usage_and_cancellation" time="0.009" /><testcase classname="tests.test_model_providers" name="test_unverified_tool_capability_is_text_only_and_diagnostics_are_bounded" time="0.016" /><testcase classname="tests.test_model_providers" name="test_gateway_stream_rejects_missing_finish_and_does_not_leak_fragments" time="0.008" /><testcase classname="tests.test_model_providers" name="test_model_handle_does_not_inherit_ambient_remote_tracing" time="0.023" /><testcase classname="tests.test_model_setup" name="test_setup_probe_save_revision_credentials_and_default_context" time="12.323" /><testcase classname="tests.test_model_setup" name="test_setup_redirect_bound_error_and_anonymous_custom" time="8.219" /><testcase classname="tests.test_model_setup" name="test_setup_concurrent_save_cas_rolls_back_new_key" time="5.198" /><testcase classname="tests.test_model_setup" name="test_model_grants_do_not_bypass_scope_egress_or_ssrf" time="0.532" /><testcase classname="tests.test_model_setup" name="test_setup_maintenance_and_pinned_configuration" time="0.330" /><testcase classname="tests.test_model_setup_api" name="test_setup_routes_require_auth_host_origin_and_csrf" time="0.875" /><testcase classname="tests.test_model_setup_api" name="test_model_setup_save_requires_idempotency_and_binds_secret_without_persisting_it" time="1.074" /><testcase classname="tests.test_model_setup_api" name="test_discovery_and_test_keep_keys_ephemeral_and_do_not_write_commands" time="0.902" /><testcase classname="tests.test_model_setup_api" name="test_setup_validation_secretstr_and_provider_exceptions_do_not_echo_keys" time="1.041" /><testcase classname="tests.test_model_setup_api" name="test_maintenance_blocks_every_model_setup_post_including_cached_save" time="1.068" /><testcase classname="tests.test_model_setup_api" name="test_existing_profile_empty_key_preserves_vault_reference_and_expected_revision" time="1.526" /><testcase classname="tests.test_platform" name="test_configuration_precedence_narrowing_and_secret_rejection" time="0.063" /><testcase classname="tests.test_platform" name="test_pf01_busy_port_and_identity_do_not_kill_other_process" time="0.191" /><testcase classname="tests.test_platform" name="test_pf01_real_dual_process_start_duplicate_stop_and_redacted_doctor" time="4.875" /><testcase classname="tests.test_platform" name="test_d01_cli_coordinated_backup_restore_and_preserve_source" time="0.341" /><testcase classname="tests.test_platform" name="test_pf01_windows_atomic_status_retry_keeps_last_good_snapshot" time="0.108" /><testcase classname="tests.test_platform_config_integration" name="test_platform_host_allowlist_can_only_narrow" time="0.073" /><testcase classname="tests.test_platform_config_integration" name="test_default_platform_permission_cap_applies_to_diagnostics" time="0.451" /><testcase classname="tests.test_platform_config_integration" name="test_pf01_real_api_worker_share_effective_config_and_run_cap" time="14.622" /><testcase classname="tests.test_plugins" name="test_s02_atomic_registry_factory_allowlist_and_rollback" time="0.002" /><testcase classname="tests.test_plugins" name="test_s02_drain_waiting_run_and_restart" time="0.003" /><testcase classname="tests.test_plugins" name="test_s02_dependencies_and_manifest_are_not_grants" time="0.003" /><testcase classname="tests.test_plugins" name="test_s02_restart_retains_old_and_new_versions_together" time="0.006" /><testcase classname="tests.test_plugins_integration" name="test_plugin_agent_ports_snapshot_drain_restart_and_terminal_release" time="43.468" /><testcase classname="tests.test_plugins_integration" name="test_plugin_static_ports_are_atomic_untrusted_and_no_executable_shell" time="0.893" /><testcase classname="tests.test_recovery_process" name="test_os_exit_after_command_effect_requires_review_and_never_replays" time="9.244" /><testcase classname="tests.test_recovery_process" name="test_os_process_exit_after_file_effect_before_ledger_recovers_without_rewrite" time="26.620" /><testcase classname="tests.test_recovery_process" name="test_cancel_barrier_prevents_child_and_unknown_never_replays" time="0.720" /><testcase classname="tests.test_release_smoke" name="test_production_launch_run_artifact_backup_restore" time="22.390"><failure message="PermissionError: [Errno 13] Permission denied: 'C:\\Users\\Dave Tuo\\AppData\\Local\\Temp\\pytest-of-Dave Tuo\\pytest-84\\test_production_launch_run_art0\\restored\\instance.json'">tmp_path = WindowsPath('C:/Users/Dave Tuo/AppData/Local/Temp/pytest-of-Dave Tuo/pytest-84/test_production_launch_run_art0')

    def test_production_launch_run_artifact_backup_restore(tmp_path):
        data, workspace = tmp_path / "data", tmp_path / "workspace"
        workspace.mkdir()
        with socket.socket() as sock:
            sock.bind(("127.0.0.1", 0))
            port = sock.getsockname()[1]
        config = PlatformConfig(data_dir=data, port=port, startup_timeout=35)
        try:
            launched = start(config)
            assert launched["status"] == "ready", launched
            assert start(config)["already_running"]
            base = f"http://127.0.0.1:{port}"
            with httpx.Client(base_url=base, trust_env=False, timeout=10) as client:
                assert client.get("/").status_code == 200
                assert client.get("/api/workspaces").status_code == 401
                ticket = AuthService(Store(data / "app.db")).issue_ticket()
                assert (
                    client.post(
                        "/api/auth/exchange", json={"ticket": ticket}, headers={"Origin": base}
                    ).status_code
                    == 204
                )
                client.headers.update({"Origin": base, "X-CSRF-Token": client.cookies["harness_csrf"]})
    
                def post(path, body):
                    response = client.post(path, json=body, headers={"Idempotency-Key": str(uuid.uuid4())})
                    assert response.is_success, (response.status_code, response.text)
                    return response.json()
    
                w = post("/api/workspaces", {"name": "发布冒烟", "root_candidate": str(workspace)})
                session = post("/api/sessions", {"workspace_id": w["id"], "agent_spec_id": "default"})
                receipt = post(
                    f"/api/sessions/{session['id']}/runs",
                    {
                        "branch_id": session["default_branch_id"],
                        "expected_branch_revision": 1,
                        "agent_spec_revision": 1,
                        "content_parts": [
                            {
                                "type": "text",
                                "text": '/tool artifact_create {"content":"发布证据","mime_type":"text/plain","name":"proof.txt"}',
                            }
                        ],
                    },
                )
                run_id = receipt["run_id"]
                deadline = time.monotonic() + 25
                while time.monotonic() &lt; deadline:
                    run = client.get(f"/api/runs/{run_id}").json()
                    if run["status"] in {"completed", "failed", "needs_review"}:
                        break
                    time.sleep(0.1)
                assert run["status"] == "completed", run
                assert run["artifacts"], run
                artifact = run["artifacts"][0]
                assert client.get(f"/api/artifacts/{artifact['artifact_id']}").text == "发布证据"
                metrics = client.get("/api/diagnostics/metrics")
                assert metrics.status_code == 200 and metrics.json()["model_attempts"] &gt;= 2
            backup_dir = tmp_path / "backup"
            report = coordinated_backup(data, backup_dir, timeout=15)
            assert report["files"] &gt;= 3
            assert (backup_dir / "checkpoints.db").exists()
            restored = tmp_path / "restored"
            assert restore(backup_dir, restored)["ok"]
            assert Store(restored / "app.db").run(run_id)["status"] == "completed"
            assert (workspace).is_dir()
&gt;           assert start(PlatformConfig(data_dir=restored, port=port, startup_timeout=35))["status"] == "ready"
                   ^^^^^^^^^^^^^^^^^^^^^^^^^^^^^^^^^^^^^^^^^^^^^^^^^^^^^^^^^^^^^^^^^^^^^^^

tests\test_release_smoke.py:83: 
_ _ _ _ _ _ _ _ _ _ _ _ _ _ _ _ _ _ _ _ _ _ _ _ _ _ _ _ _ _ _ _ _ _ _ _ _ _ _ _
harness\platform\supervisor.py:173: in start
    current = read_instance(data_dir)
              ^^^^^^^^^^^^^^^^^^^^^^^
harness\platform\supervisor.py:33: in read_instance
    return json.loads((Path(data_dir) / "instance.json").read_text("utf-8"))
                      ^^^^^^^^^^^^^^^^^^^^^^^^^^^^^^^^^^^^^^^^^^^^^^^^^^^^^
C:\Program Files\WindowsApps\PythonSoftwareFoundation.Python.3.11_3.11.2544.0_x64__qbz5n2kfra8p0\Lib\pathlib.py:1058: in read_text
    with self.open(mode='r', encoding=encoding, errors=errors) as f:
         ^^^^^^^^^^^^^^^^^^^^^^^^^^^^^^^^^^^^^^^^^^^^^^^^^^^^^
_ _ _ _ _ _ _ _ _ _ _ _ _ _ _ _ _ _ _ _ _ _ _ _ _ _ _ _ _ _ _ _ _ _ _ _ _ _ _ _

self = WindowsPath('C:/Users/Dave Tuo/AppData/Local/Temp/pytest-of-Dave Tuo/pytest-84/test_production_launch_run_art0/restored/instance.json')
mode = 'r', buffering = -1, encoding = 'utf-8', errors = None, newline = None

    def open(self, mode='r', buffering=-1, encoding=None,
             errors=None, newline=None):
        """
        Open the file pointed by this path and return a file object, as
        the built-in open() function does.
        """
        if "b" not in mode:
            encoding = io.text_encoding(encoding)
&gt;       return io.open(self, mode, buffering, encoding, errors, newline)
               ^^^^^^^^^^^^^^^^^^^^^^^^^^^^^^^^^^^^^^^^^^^^^^^^^^^^^^^^^
E       PermissionError: [Errno 13] Permission denied: 'C:\\Users\\Dave Tuo\\AppData\\Local\\Temp\\pytest-of-Dave Tuo\\pytest-84\\test_production_launch_run_art0\\restored\\instance.json'

C:\Program Files\WindowsApps\PythonSoftwareFoundation.Python.3.11_3.11.2544.0_x64__qbz5n2kfra8p0\Lib\pathlib.py:1044: PermissionError</failure></testcase><testcase classname="tests.test_runtime_context_gateway" name="test_context_policy_is_frozen_per_run_and_does_not_mutate_shared_service" time="0.362" /><testcase classname="tests.test_runtime_context_gateway" name="test_real_create_agent_tool_loop_and_persistent_checkpoint" time="0.656" /><testcase classname="tests.test_runtime_context_gateway" name="test_interrupt_persists_and_resumes_after_new_runtime" time="0.808" /><testcase classname="tests.test_runtime_context_gateway" name="test_model_checkpoint_before_tool_recovery_keeps_call_id" time="0.741" /><testcase classname="tests.test_runtime_context_gateway" name="test_ledger_saved_before_checkpoint_recovers_without_second_effect" time="0.762" /><testcase classname="tests.test_runtime_context_gateway" name="test_failure_before_model_checkpoint_has_no_tool_effect" time="0.369" /><testcase classname="tests.test_runtime_context_gateway" name="test_stream_assembler_never_accepts_partial_or_invalid_calls" time="0.003" /><testcase classname="tests.test_runtime_context_gateway" name="test_history_and_budget_contracts" time="0.002" /><testcase classname="tests.test_runtime_context_gateway" name="test_context_hard_limit_and_immutable_sources" time="0.342" /><testcase classname="tests.test_runtime_context_gateway" name="test_compaction_cas_cannot_overwrite_new_input" time="0.362" /><testcase classname="tests.test_runtime_context_gateway" name="test_memory_review_isolation_cas_delete" time="0.280" /><testcase classname="tests.test_runtime_context_gateway" name="test_production_summary_profile_and_pin_revision_are_in_context" time="0.509" /><testcase classname="tests.test_runtime_context_gateway" name="test_pin_change_during_summary_does_not_activate_old_summary" time="0.344" /><testcase classname="tests.test_runtime_context_gateway" name="test_attachment_resolution_reads_bounded_text_and_verified_images" time="0.462" /><testcase classname="tests.test_scheduler" name="test_parallel_interrupt_barrier_expiry_is_not_approval" time="0.837" /><testcase classname="tests.test_scheduler" name="test_expired_dead_worker_recovery_fences_original_attempt" time="0.760" /><testcase classname="tests.test_scheduler" name="test_global_permit_and_unknown_budget_remain_distinct" time="0.673" /><testcase classname="tests.test_scheduler" name="test_maintenance_drains_without_claiming_queued_tasks" time="0.723" /><testcase classname="tests.test_skills" name="test_s01_fixed_snapshot_conflicts_and_escape" time="0.310" /><testcase classname="tests.test_skills" name="test_s01_invalid_safe_yaml_and_policy" time="0.117" /><testcase classname="tests.test_skills" name="test_s01_snapshot_tamper_and_limits" time="0.079" /><testcase classname="tests.test_skills" name="test_remote_skill_requires_verified_extension" time="0.002" /><testcase classname="tests.test_storage_tools" name="test_canonical_json_and_concurrent_budget" time="0.760" /><testcase classname="tests.test_storage_tools" name="test_atomic_artifacts_corruption_and_scope" time="0.739" /><testcase classname="tests.test_storage_tools" name="test_file_approval_binding_replay_and_version_conflict" time="1.858" /><testcase classname="tests.test_storage_tools" name="test_path_escape_and_policy_revocation" time="0.720" /><testcase classname="tests.test_storage_tools" name="test_process_bounded_output_and_tree_timeout" time="2.561" /><testcase classname="tests.test_storage_tools" name="test_transaction_rolls_back_and_stale_fence" time="0.647" /></testsuite></testsuites>