<?xml version="1.0" encoding="utf-8"?><testsuites name="pytest tests"><testsuite name="pytest" errors="0" failures="0" skipped="1" tests="224" time="352.307" timestamp="2026-09-20T12:16:26.717266+08:00" hostname="LAPTOP-BBTJFC78"><testcase classname="tests.test_api" name="test_pairing_single_use_expiry_cookie_and_logout" time="0.258" /><testcase classname="tests.test_api" name="test_loopback_same_origin_pairing_is_silent_but_apis_remain_authenticated" time="0.170" /><testcase classname="tests.test_api" name="test_automatic_pairing_rejects_non_loopback_peer" time="0.140" /><testcase classname="tests.test_api" name="test_origin_host_csrf_are_independent_guards" time="0.164" /><testcase classname="tests.test_api" name="test_idempotent_replay_precedes_business_and_conflicting_body_is_rejected" time="0.267" /><testcase classname="tests.test_api" name="test_upload_authorization_size_dedup_and_active_content_isolation" time="0.245" /><testcase classname="tests.test_api" name="test_schema_validation_does_not_echo_private_input" time="0.257" /><testcase classname="tests.test_api" name="test_sse_rejects_future_conflicting_and_wrong_run_cursors_before_stream" time="0.163" /><testcase classname="tests.test_api" name="test_feature_unavailable_is_explicit" time="0.226" /><testcase classname="tests.test_api" name="test_static_plugin_routes_use_typed_manifest_and_idempotency" time="0.176" /><testcase classname="tests.test_api" name="test_public_message_schema_accepts_empty_tool_call_assistant_text" time="0.000" /><testcase classname="tests.test_artifact_long_paths" name="test_jpeg_upload_preview_replay_and_backup_with_long_storage_path" time="0.630" /><testcase classname="tests.test_config_policy_skills_integration" name="test_named_policy_and_default_context_are_resolved_and_unknown_refs_rejected" time="0.373" /><testcase classname="tests.test_config_policy_skills_integration" name="test_skill_current_source_revocation_and_binary_resource_gateway_artifact" time="0.660" /><testcase classname="tests.test_cross_module_guards" name="test_control_schema_migration_preserves_records_and_rejects_old_worker" time="0.040" /><testcase classname="tests.test_cross_module_guards" name="test_future_schema_rejected_without_changing_database" time="0.011" /><testcase classname="tests.test_cross_module_guards" name="test_selected_skill_hash_drift_is_rejected_before_run_is_created" time="0.229" /><testcase classname="tests.test_cross_module_guards" name="test_frozen_local_only_never_expands_when_live_policy_is_relaxed" time="0.273" /><testcase classname="tests.test_cross_module_guards" name="test_cancel_closes_pending_form_and_rejects_stale_reply" time="0.333" /><testcase classname="tests.test_cross_module_guards" name="test_idempotent_none_receipt_and_content_free_metrics" time="0.191" /><testcase classname="tests.test_deepseek_continuation" name="test_deepseek_output_limit_uses_documented_wire_name" time="0.485" /><testcase classname="tests.test_deepseek_continuation" name="test_thinking_tool_and_final_turn_survive_archive_and_request" time="0.001" /><testcase classname="tests.test_deepseek_continuation" name="test_streamed_reasoning_preserves_all_fragments" time="0.001" /><testcase classname="tests.test_deepseek_continuation" name="test_smoke_budget_unknown_and_retries_share_cap" time="0.018" /><testcase classname="tests.test_deepseek_continuation" name="test_smoke_large_output_uses_real_artifacts_and_scoped_readback" time="0.132" /><testcase classname="tests.test_improvement_api" name="test_control_auth_cas_idempotency_and_readonly_transport" time="0.512" /><testcase classname="tests.test_improvement_api" name="test_product_model_catalog_excludes_internal_demo" time="0.357" /><testcase classname="tests.test_improvement_controls" name="test_switch_waiting_tool_survives_service_restart_and_preserves_snapshots" time="10.048" /><testcase classname="tests.test_improvement_controls" name="test_context_preparation_race_last_selection_wins" time="5.023" /><testcase classname="tests.test_improvement_controls" name="test_rejected_switch_waits_and_explicit_reselection_recovers" time="7.108" /><testcase classname="tests.test_improvement_controls" name="test_bound_call_keeps_profile_and_terminal_does_not_add_call" time="5.064" /><testcase classname="tests.test_improvement_controls" name="test_preferences_atomic_conflict_plan_double_guard_and_child_inheritance" time="0.346" /><testcase classname="tests.test_improvement_controls" name="test_summary_policy_follows_explicit_selection_unless_independent" time="0.313" /><testcase classname="tests.test_improvement_controls" name="test_inline_images_order_ownership_budget_and_no_base64_archive" time="0.453" /><testcase classname="tests.test_improvement_controls" name="test_invalid_image_and_reference_rejected_before_enqueue" time="0.602" /><testcase classname="tests.test_improvement_controls" name="test_public_agent_readonly_and_local_model_listing" time="0.193" /><testcase classname="tests.test_improvement_controls" name="test_plan_confirmation_is_version_and_branch_bound" time="0.316" /><testcase classname="tests.test_improvement_controls" name="test_os_exit_model_boundaries_recover_binding_and_fence[model_context_prepared]" time="11.158" /><testcase classname="tests.test_improvement_controls" name="test_os_exit_model_boundaries_recover_binding_and_fence[model_bound_before_dispatch]" time="10.949" /><testcase classname="tests.test_improvement_controls" name="test_os_exit_model_boundaries_recover_binding_and_fence[model_validated_before_checkpoint]" time="9.546" /><testcase classname="tests.test_improvement_controls" name="test_inflight_generation_and_retry_do_not_change_binding[stream]" time="13.058" /><testcase classname="tests.test_improvement_controls" name="test_inflight_generation_and_retry_do_not_change_binding[retry]" time="13.137" /><testcase classname="tests.test_improvement_mcp_file" name="test_file_original_text_reload_versions_and_conflict" time="0.528" /><testcase classname="tests.test_improvement_mcp_file" name="test_invalid_file_keeps_last_projection_and_never_spawns[{&quot;schema_version&quot;:1,&quot;schema_version&quot;:1,&quot;mcpServers&quot;:{}}]" time="0.484" /><testcase classname="tests.test_improvement_mcp_file" name="test_invalid_file_keeps_last_projection_and_never_spawns[{&quot;schema_version&quot;:1,&quot;mcpServers&quot;:{},&quot;extra&quot;:true}]" time="0.428" /><testcase classname="tests.test_improvement_mcp_file" name="test_invalid_file_keeps_last_projection_and_never_spawns[{&quot;schema_version&quot;:1,&quot;mcpServers&quot;:]" time="0.481" /><testcase classname="tests.test_improvement_mcp_file" name="test_invalid_file_keeps_last_projection_and_never_spawns[{\n  &quot;schema_version&quot;: 1,\n  &quot;mcpServers&quot;: {\n    &quot;local&quot;: {\n      &quot;enabled&quot;: false,\n      &quot;display_name&quot;: &quot;Fixture&quot;,\n      &quot;transport&quot;: &quot;stdio&quot;,\n      &quot;command&quot;: &quot;python&quot;,\n      &quot;trusted&quot;: true\n    }\n  }\n}\n]" time="0.500" /><testcase classname="tests.test_improvement_mcp_file" name="test_invalid_file_keeps_last_projection_and_never_spawns[{\n  &quot;schema_version&quot;: 1,\n  &quot;mcpServers&quot;: {\n    &quot;local&quot;: {\n      &quot;enabled&quot;: false,\n      &quot;display_name&quot;: &quot;Fixture&quot;,\n      &quot;transport&quot;: &quot;stdio&quot;,\n      &quot;command&quot;: &quot;python&quot;,\n      &quot;env&quot;: {\n        &quot;API_KEY&quot;: &quot;forbidden&quot;\n      }\n    }\n  }\n}\n]" time="0.579" /><testcase classname="tests.test_improvement_mcp_file" name="test_invalid_file_keeps_last_projection_and_never_spawns[{\n  &quot;schema_version&quot;: 1,\n  &quot;mcpServers&quot;: {\n    &quot;local&quot;: {\n      &quot;enabled&quot;: false,\n      &quot;display_name&quot;: &quot;Fixture&quot;,\n      &quot;transport&quot;: &quot;stdio&quot;,\n      &quot;command&quot;: &quot;python&quot;,\n      &quot;apiKey&quot;: &quot;forbidden&quot;\n    }\n  }\n}\n]" time="0.567" /><testcase classname="tests.test_improvement_mcp_file" name="test_invalid_file_keeps_last_projection_and_never_spawns[{\n  &quot;schema_version&quot;: 1,\n  &quot;mcpServers&quot;: {\n    &quot;local&quot;: {\n      &quot;enabled&quot;: false,\n      &quot;display_name&quot;: &quot;Fixture&quot;,\n      &quot;transport&quot;: &quot;stdio&quot;,\n      &quot;command&quot;: &quot;python&quot;,\n      &quot;config_revision&quot;: 0\n    }\n  }\n}\n]" time="0.519" /><testcase classname="tests.test_improvement_mcp_file" name="test_replace_before_projection_crash_recovery_does_not_overwrite_newer_file" time="0.498" /><testcase classname="tests.test_improvement_mcp_file" name="test_initial_migration_only_when_file_absent_and_backup_contains_file" time="0.515" /><testcase classname="tests.test_improvement_mcp_file" name="test_file_symlink_refused" time="0.258"><skipped type="pytest.skip" message="Host does not allow unprivileged symlink creation">C:\Users\Dave Tuo\Desktop\Projects\Paper\tests\test_improvement_mcp_file.py:128: Host does not allow unprivileged symlink creation</skipped></testcase><testcase classname="tests.test_improvement_setup" name="test_full_vision_and_streaming_probe_has_five_calls_and_immutable_evidence" time="2.498" /><testcase classname="tests.test_improvement_setup" name="test_failed_visual_answer_remains_unverified_not_unsupported" time="1.393" /><testcase classname="tests.test_improvement_setup" name="test_connectivity_draft_and_credential_failure_do_not_activate" time="2.201" /><testcase classname="tests.test_improvement_setup" name="test_cancelled_last_waiter_cancels_probe_without_receipt" time="0.744" /><testcase classname="tests.test_improvement_setup" name="test_validation_receipt_reuse_and_invalidation" time="1.507" /><testcase classname="tests.test_improvement_setup" name="test_single_flight_owner_scope_and_expiry" time="1.624" /><testcase classname="tests.test_integration" name="test_production_worker_text_tool_approval_and_input" time="52.439" /><testcase classname="tests.test_integration" name="test_one_worker_slot_parent_releases_for_child" time="27.827" /><testcase classname="tests.test_integration" name="test_steering_persists_once_and_fork_retains_working_history" time="16.939" /><testcase classname="tests.test_mcp" name="test_p01_http_interop_resources_prompts_and_reentrant[request-sse-modern_only]" time="0.447" /><testcase classname="tests.test_mcp" name="test_p01_http_interop_resources_prompts_and_reentrant[request-sse-legacy_only]" time="0.420" /><testcase classname="tests.test_mcp" name="test_p01_http_interop_resources_prompts_and_reentrant[json-response-modern_only]" time="0.295" /><testcase classname="tests.test_mcp" name="test_p01_http_interop_resources_prompts_and_reentrant[json-response-legacy_only]" time="0.307" /><testcase classname="tests.test_mcp" name="test_p01_stdio_interop_and_run_scope[modern_only]" time="1.616" /><testcase classname="tests.test_mcp" name="test_p01_stdio_interop_and_run_scope[legacy_only]" time="1.447" /><testcase classname="tests.test_mcp" name="test_p01_stdio_vault_reference_target_binding_and_schema" time="1.640" /><testcase classname="tests.test_mcp" name="test_p02_errors_cancel_and_gateway_authorization[request-sse]" time="0.305" /><testcase classname="tests.test_mcp" name="test_p02_errors_cancel_and_gateway_authorization[json-response]" time="1.549" /><testcase classname="tests.test_mcp" name="test_p04_elicitation_refusal_and_diagnostic_no_tools[request-sse-modern_only]" time="0.227" /><testcase classname="tests.test_mcp" name="test_p04_elicitation_refusal_and_diagnostic_no_tools[request-sse-legacy_only]" time="0.296" /><testcase classname="tests.test_mcp" name="test_p04_elicitation_refusal_and_diagnostic_no_tools[json-response-modern_only]" time="0.228" /><testcase classname="tests.test_mcp" name="test_p04_elicitation_refusal_and_diagnostic_no_tools[json-response-legacy_only]" time="0.303" /><testcase classname="tests.test_mcp" name="test_mp05_elicitation_bridge[request-sse-modern_only]" time="0.239" /><testcase classname="tests.test_mcp" name="test_mp05_elicitation_bridge[request-sse-legacy_only]" time="0.246" /><testcase classname="tests.test_mcp" name="test_mp05_elicitation_bridge[json-response-modern_only]" time="0.220" /><testcase classname="tests.test_mcp" name="test_mp05_elicitation_bridge[json-response-legacy_only]" time="0.313" /><testcase classname="tests.test_mcp" name="test_p03_empty_repeated_cursor_schema_and_identity_partition" time="0.006" /><testcase classname="tests.test_mcp" name="test_p01_explicit_legacy_sse" time="0.229" /><testcase classname="tests.test_mcp_authorization" name="test_mp05_durable_oauth_restart_state_issuer_replay_and_no_plaintext" time="0.145" /><testcase classname="tests.test_mcp_continuation" name="test_legacy_profile_elicitation_flag_preserves_noninteractive_tools[request-sse]" time="1.763" /><testcase classname="tests.test_mcp_continuation" name="test_legacy_profile_elicitation_flag_preserves_noninteractive_tools[json-response]" time="1.644" /><testcase classname="tests.test_mcp_continuation" name="test_mp05_modern_mrtr_production_gateway_checkpoint_restart_and_pinned_profile[request-sse]" time="25.820" /><testcase classname="tests.test_mcp_continuation" name="test_mp05_modern_mrtr_production_gateway_checkpoint_restart_and_pinned_profile[json-response]" time="15.387" /><testcase classname="tests.test_mcp_oauth" name="test_mp05_oauth_pkce_discovery_registration_callback_and_vault" time="0.003" /><testcase classname="tests.test_mcp_oauth" name="test_mp05_oauth_rejects_callback_state_and_issuer[invalid_state]" time="0.011" /><testcase classname="tests.test_mcp_oauth" name="test_mp05_oauth_rejects_callback_state_and_issuer[invalid_issuer]" time="0.012" /><testcase classname="tests.test_model_context_windows" name="test_default_and_explicit_extended_context_budgets" time="0.000" /><testcase classname="tests.test_model_context_windows" name="test_startup_migrates_current_profile_and_preserves_historical_revision" time="0.328" /><testcase classname="tests.test_model_context_windows" name="test_startup_upgrades_only_legacy_application_output_default" time="0.310" /><testcase classname="tests.test_model_context_windows" name="test_startup_migrates_default_prompt_to_proportional_evidence_contract" time="0.284" /><testcase classname="tests.test_model_fake_ip" name="test_official_https_fake_ip_diagnostic_and_saved_grants[openai]" time="0.138" /><testcase classname="tests.test_model_fake_ip" name="test_official_https_fake_ip_diagnostic_and_saved_grants[anthropic]" time="0.139" /><testcase classname="tests.test_model_fake_ip" name="test_official_https_fake_ip_diagnostic_and_saved_grants[deepseek]" time="0.141" /><testcase classname="tests.test_model_fake_ip" name="test_official_https_fake_ip_diagnostic_and_saved_grants[qwen]" time="0.147" /><testcase classname="tests.test_model_fake_ip" name="test_official_https_fake_ip_diagnostic_and_saved_grants[tencent]" time="0.138" /><testcase classname="tests.test_model_fake_ip" name="test_official_https_fake_ip_diagnostic_and_saved_grants[siliconflow]" time="0.134" /><testcase classname="tests.test_model_fake_ip" name="test_fake_ip_exception_requires_exact_official_model_authority[http://api.deepseek.com-model-True]" time="0.125" /><testcase classname="tests.test_model_fake_ip" name="test_fake_ip_exception_requires_exact_official_model_authority[https://api.deepseek.com:8443-model-True]" time="0.129" /><testcase classname="tests.test_model_fake_ip" name="test_fake_ip_exception_requires_exact_official_model_authority[https://api.deepseek.com/other-model-True]" time="0.128" /><testcase classname="tests.test_model_fake_ip" name="test_fake_ip_exception_requires_exact_official_model_authority[https://api.deepseek.com?target=other-model-True]" time="0.142" /><testcase classname="tests.test_model_fake_ip" name="test_fake_ip_exception_requires_exact_official_model_authority[https://custom.example/v1-model-True]" time="0.128" /><testcase classname="tests.test_model_fake_ip" name="test_fake_ip_exception_requires_exact_official_model_authority[https://198.18.0.88-model-True]" time="0.133" /><testcase classname="tests.test_model_fake_ip" name="test_fake_ip_exception_requires_exact_official_model_authority[https://api.deepseek.com-fetch-True]" time="0.122" /><testcase classname="tests.test_model_fake_ip" name="test_fake_ip_exception_requires_exact_official_model_authority[https://api.deepseek.com-mcp-True]" time="0.125" /><testcase classname="tests.test_model_fake_ip" name="test_fake_ip_exception_requires_exact_official_model_authority[https://api.deepseek.com-model-False]" time="0.130" /><testcase classname="tests.test_model_fake_ip" name="test_fake_ip_mixed_with_private_or_other_reserved_addresses_is_denied[10.0.0.1]" time="0.127" /><testcase classname="tests.test_model_fake_ip" name="test_fake_ip_mixed_with_private_or_other_reserved_addresses_is_denied[169.254.169.254]" time="0.133" /><testcase classname="tests.test_model_fake_ip" name="test_fake_ip_mixed_with_private_or_other_reserved_addresses_is_denied[192.0.2.1]" time="0.125" /><testcase classname="tests.test_model_fake_ip" name="test_fake_ip_mixed_with_private_or_other_reserved_addresses_is_denied[fc00::1]" time="0.149" /><testcase classname="tests.test_model_fake_ip" name="test_fake_ip_mixed_with_private_or_other_reserved_addresses_is_denied[127.0.0.1]" time="0.132" /><testcase classname="tests.test_model_fake_ip" name="test_fake_ip_does_not_bypass_egress_restrictions[policy0]" time="0.132" /><testcase classname="tests.test_model_fake_ip" name="test_fake_ip_does_not_bypass_egress_restrictions[policy1]" time="0.131" /><testcase classname="tests.test_model_fake_ip" name="test_fake_ip_does_not_bypass_platform_hosts_or_revocation" time="0.156" /><testcase classname="tests.test_model_providers" name="test_real_adapter_protocol_fixture_multi_round[openai-openai-chat_completions-/v1]" time="0.844" /><testcase classname="tests.test_model_providers" name="test_real_adapter_protocol_fixture_multi_round[qwen-openai-chat_completions-/v1]" time="0.828" /><testcase classname="tests.test_model_providers" name="test_real_adapter_protocol_fixture_multi_round[anthropic-anthropic-messages-]" time="1.328" /><testcase classname="tests.test_model_providers" name="test_real_adapter_protocol_fixture_multi_round[ollama-ollama-chat-]" time="1.447" /><testcase classname="tests.test_model_providers" name="test_gateway_retry_owner_unknown_usage_and_cancellation" time="0.003" /><testcase classname="tests.test_model_providers" name="test_unverified_tool_capability_is_text_only_and_diagnostics_are_bounded" time="0.004" /><testcase classname="tests.test_model_providers" name="test_gateway_stream_rejects_missing_finish_and_does_not_leak_fragments" time="0.002" /><testcase classname="tests.test_model_providers" name="test_model_handle_does_not_inherit_ambient_remote_tracing" time="0.006" /><testcase classname="tests.test_model_setup" name="test_setup_probe_save_revision_credentials_and_default_context" time="3.113" /><testcase classname="tests.test_model_setup" name="test_setup_redirect_bound_error_and_anonymous_custom" time="2.441" /><testcase classname="tests.test_model_setup" name="test_setup_concurrent_save_cas_rolls_back_new_key" time="1.758" /><testcase classname="tests.test_model_setup" name="test_model_grants_do_not_bypass_scope_egress_or_ssrf" time="0.172" /><testcase classname="tests.test_model_setup" name="test_setup_maintenance_and_pinned_configuration" time="0.144" /><testcase classname="tests.test_model_setup_api" name="test_setup_routes_require_auth_host_origin_and_csrf" time="0.294" /><testcase classname="tests.test_model_setup_api" name="test_model_setup_save_requires_idempotency_and_binds_secret_without_persisting_it" time="0.342" /><testcase classname="tests.test_model_setup_api" name="test_discovery_and_test_keep_keys_ephemeral_and_do_not_write_commands" time="0.284" /><testcase classname="tests.test_model_setup_api" name="test_setup_validation_secretstr_and_provider_exceptions_do_not_echo_keys" time="0.454" /><testcase classname="tests.test_model_setup_api" name="test_maintenance_blocks_every_model_setup_post_including_cached_save" time="0.350" /><testcase classname="tests.test_model_setup_api" name="test_existing_profile_empty_key_preserves_vault_reference_and_expected_revision" time="0.379" /><testcase classname="tests.test_model_setup_validation" name="test_direct_save_cannot_skip_full_suite[None]" time="1.143" /><testcase classname="tests.test_model_setup_validation" name="test_direct_save_cannot_skip_full_suite[optional_checks1]" time="1.137" /><testcase classname="tests.test_model_setup_validation" name="test_direct_save_cannot_skip_full_suite[optional_checks2]" time="1.139" /><testcase classname="tests.test_model_setup_validation" name="test_direct_save_cannot_skip_full_suite[optional_checks3]" time="1.138" /><testcase classname="tests.test_model_setup_validation" name="test_partial_failure_preserves_profile_and_requires_matching_receipt" time="2.352" /><testcase classname="tests.test_model_setup_validation" name="test_quick_activation_and_draft_overwrite_cannot_change_working_model" time="1.558" /><testcase classname="tests.test_model_setup_validation" name="test_disabled_reuse_still_rejects_stale_or_changed_receipt" time="1.887" /><testcase classname="tests.test_parallel_tool_fallback" name="test_batch_preserves_all_calls_and_pairs_when_parallel_unverified[False]" time="0.824" /><testcase classname="tests.test_parallel_tool_fallback" name="test_batch_preserves_all_calls_and_pairs_when_parallel_unverified[True]" time="0.834" /><testcase classname="tests.test_parallel_tool_fallback" name="test_invalid_batch_is_still_rejected_as_a_whole[False-invalid-invalid_tool_arguments]" time="0.822" /><testcase classname="tests.test_parallel_tool_fallback" name="test_invalid_batch_is_still_rejected_as_a_whole[False-duplicate-invalid_tool_id]" time="0.844" /><testcase classname="tests.test_parallel_tool_fallback" name="test_invalid_batch_is_still_rejected_as_a_whole[False-unknown-unknown_tool]" time="0.817" /><testcase classname="tests.test_parallel_tool_fallback" name="test_invalid_batch_is_still_rejected_as_a_whole[True-invalid-invalid_tool_arguments]" time="0.829" /><testcase classname="tests.test_parallel_tool_fallback" name="test_invalid_batch_is_still_rejected_as_a_whole[True-duplicate-invalid_tool_id]" time="0.820" /><testcase classname="tests.test_parallel_tool_fallback" name="test_invalid_batch_is_still_rejected_as_a_whole[True-unknown-unknown_tool]" time="0.862" /><testcase classname="tests.test_parallel_tool_fallback" name="test_real_graph_serializes_unverified_image_tool_batch_and_preserves_verified_parallelism[False]" time="1.111" /><testcase classname="tests.test_parallel_tool_fallback" name="test_real_graph_serializes_unverified_image_tool_batch_and_preserves_verified_parallelism[True]" time="1.063" /><testcase classname="tests.test_parallel_tool_fallback" name="test_serial_batch_approval_resume_keeps_ids_and_does_not_repeat_effects" time="1.253" /><testcase classname="tests.test_platform" name="test_windows_double_click_launcher_delegates_without_duplicate_configuration" time="0.022" /><testcase classname="tests.test_platform" name="test_configuration_precedence_narrowing_and_secret_rejection" time="0.030" /><testcase classname="tests.test_platform" name="test_pf01_busy_port_and_identity_do_not_kill_other_process" time="0.020" /><testcase classname="tests.test_platform" name="test_pf01_real_dual_process_start_duplicate_stop_and_redacted_doctor" time="1.547" /><testcase classname="tests.test_platform" name="test_d01_cli_coordinated_backup_restore_and_preserve_source" time="0.104" /><testcase classname="tests.test_platform" name="test_pf01_windows_atomic_status_retry_keeps_last_good_snapshot" time="0.087" /><testcase classname="tests.test_platform" name="test_pf01_status_read_retries_sharing_violation_and_fails_closed" time="0.081" /><testcase classname="tests.test_platform_config_integration" name="test_platform_host_allowlist_can_only_narrow" time="0.043" /><testcase classname="tests.test_platform_config_integration" name="test_default_platform_permission_cap_applies_to_diagnostics" time="0.187" /><testcase classname="tests.test_platform_config_integration" name="test_pf01_real_api_worker_share_effective_config_and_run_cap" time="4.132" /><testcase classname="tests.test_plugins" name="test_s02_atomic_registry_factory_allowlist_and_rollback" time="0.001" /><testcase classname="tests.test_plugins" name="test_s02_drain_waiting_run_and_restart" time="0.001" /><testcase classname="tests.test_plugins" name="test_s02_dependencies_and_manifest_are_not_grants" time="0.001" /><testcase classname="tests.test_plugins" name="test_s02_restart_retains_old_and_new_versions_together" time="0.001" /><testcase classname="tests.test_plugins_integration" name="test_plugin_agent_ports_snapshot_drain_restart_and_terminal_release" time="9.358" /><testcase classname="tests.test_plugins_integration" name="test_plugin_static_ports_are_atomic_untrusted_and_no_executable_shell" time="0.274" /><testcase classname="tests.test_projects" name="test_legacy_project_and_multiple_sessions_survive_reopen" time="0.416" /><testcase classname="tests.test_projects" name="test_session_archive_filter_remains_isolated_after_new_session" time="0.363" /><testcase classname="tests.test_projects" name="test_remove_project_only_hides_harness_registration" time="0.382" /><testcase classname="tests.test_projects" name="test_remove_project_rejects_stale_revision_and_active_run" time="0.572" /><testcase classname="tests.test_projects" name="test_secondary_folder_tools_and_project_boundary" time="0.970" /><testcase classname="tests.test_projects" name="test_search_prunes_excluded_trees_without_exposing_internal_stats" time="0.469" /><testcase classname="tests.test_projects" name="test_search_limits_long_lines_and_line_reads_are_unambiguous" time="0.742" /><testcase classname="tests.test_projects" name="test_project_validation_picker_and_auth" time="0.300" /><testcase classname="tests.test_projects" name="test_launcher_uses_running_port_and_does_not_print_ticket" time="0.050" /><testcase classname="tests.test_recovery_process" name="test_os_exit_after_command_effect_requires_review_and_never_replays" time="3.239" /><testcase classname="tests.test_recovery_process" name="test_os_process_exit_after_file_effect_before_ledger_recovers_without_rewrite" time="7.333" /><testcase classname="tests.test_recovery_process" name="test_cancel_barrier_prevents_child_and_unknown_never_replays" time="0.269" /><testcase classname="tests.test_release_smoke" name="test_production_launch_run_artifact_backup_restore" time="9.349" /><testcase classname="tests.test_runtime_context_gateway" name="test_context_policy_is_frozen_per_run_and_does_not_mutate_shared_service" time="0.115" /><testcase classname="tests.test_runtime_context_gateway" name="test_real_create_agent_tool_loop_and_persistent_checkpoint" time="0.174" /><testcase classname="tests.test_runtime_context_gateway" name="test_interrupt_persists_and_resumes_after_new_runtime" time="0.211" /><testcase classname="tests.test_runtime_context_gateway" name="test_model_checkpoint_before_tool_recovery_keeps_call_id" time="0.186" /><testcase classname="tests.test_runtime_context_gateway" name="test_ledger_saved_before_checkpoint_recovers_without_second_effect" time="0.190" /><testcase classname="tests.test_runtime_context_gateway" name="test_failure_before_model_checkpoint_has_no_tool_effect" time="0.101" /><testcase classname="tests.test_runtime_context_gateway" name="test_stream_assembler_never_accepts_partial_or_invalid_calls" time="0.001" /><testcase classname="tests.test_runtime_context_gateway" name="test_stream_truncation_is_reported_before_partial_json[length]" time="0.000" /><testcase classname="tests.test_runtime_context_gateway" name="test_stream_truncation_is_reported_before_partial_json[max_tokens]" time="0.000" /><testcase classname="tests.test_runtime_context_gateway" name="test_stream_truncation_is_reported_before_partial_json[content_filter]" time="0.000" /><testcase classname="tests.test_runtime_context_gateway" name="test_history_and_budget_contracts" time="0.000" /><testcase classname="tests.test_runtime_context_gateway" name="test_truncated_provider_responses_never_become_executable_turns[length]" time="0.000" /><testcase classname="tests.test_runtime_context_gateway" name="test_truncated_provider_responses_never_become_executable_turns[max_tokens]" time="0.001" /><testcase classname="tests.test_runtime_context_gateway" name="test_truncated_provider_responses_never_become_executable_turns[content_filter]" time="0.000" /><testcase classname="tests.test_runtime_context_gateway" name="test_context_hard_limit_and_immutable_sources" time="0.100" /><testcase classname="tests.test_runtime_context_gateway" name="test_compaction_cas_cannot_overwrite_new_input" time="0.091" /><testcase classname="tests.test_runtime_context_gateway" name="test_memory_review_isolation_cas_delete" time="0.074" /><testcase classname="tests.test_runtime_context_gateway" name="test_production_summary_profile_and_pin_revision_are_in_context" time="0.125" /><testcase classname="tests.test_runtime_context_gateway" name="test_model_tool_result_projection_keeps_ledger_fields_out_of_agent_context" time="0.000" /><testcase classname="tests.test_runtime_context_gateway" name="test_pin_change_during_summary_does_not_activate_old_summary" time="0.095" /><testcase classname="tests.test_runtime_context_gateway" name="test_attachment_resolution_reads_bounded_text_and_verified_images" time="0.112" /><testcase classname="tests.test_scheduler" name="test_parallel_interrupt_barrier_expiry_is_not_approval" time="0.285" /><testcase classname="tests.test_scheduler" name="test_expired_dead_worker_recovery_fences_original_attempt" time="0.265" /><testcase classname="tests.test_scheduler" name="test_global_permit_and_unknown_budget_remain_distinct" time="0.310" /><testcase classname="tests.test_scheduler" name="test_maintenance_drains_without_claiming_queued_tasks" time="0.272" /><testcase classname="tests.test_skills" name="test_s01_fixed_snapshot_conflicts_and_escape" time="0.085" /><testcase classname="tests.test_skills" name="test_s01_invalid_safe_yaml_and_policy" time="0.032" /><testcase classname="tests.test_skills" name="test_s01_snapshot_tamper_and_limits" time="0.039" /><testcase classname="tests.test_skills" name="test_remote_skill_requires_verified_extension" time="0.000" /><testcase classname="tests.test_storage_tools" name="test_canonical_json_and_concurrent_budget" time="0.352" /><testcase classname="tests.test_storage_tools" name="test_atomic_artifacts_corruption_and_scope" time="0.289" /><testcase classname="tests.test_storage_tools" name="test_file_approval_binding_replay_and_version_conflict" time="0.585" /><testcase classname="tests.test_storage_tools" name="test_path_escape_and_policy_revocation" time="0.296" /><testcase classname="tests.test_storage_tools" name="test_process_bounded_output_and_tree_timeout" time="1.258" /><testcase classname="tests.test_storage_tools" name="test_transaction_rolls_back_and_stale_fence" time="0.244" /><testcase classname="tests.test_terminal_remaining" name="test_25_cny_budget_is_durable_includes_unknown_and_cannot_be_raised" time="0.018" /><testcase classname="tests.test_terminal_remaining" name="test_failures_and_null_reward_are_not_hidden_or_promoted" time="0.021" /><testcase classname="tests.test_terminal_remaining" name="test_logged_timeout_preserves_partial_output_and_reaps_process" time="0.827" /><testcase classname="tests.test_terminal_remaining" name="test_wire_limit_guard_and_legacy_unknown_repair" time="0.021" /><testcase classname="tests.test_terminal_remaining" name="test_retry_requires_named_harness_interruption" time="0.024" /><testcase classname="tests.test_terminal_remaining" name="test_environment_recovery_requires_exact_unstarted_setup_failures" time="0.025" /><testcase classname="tests.test_terminal_remaining" name="test_budget_stop_marks_unstarted_recovery_tasks_as_censored" time="0.023" /></testsuite></testsuites>