<?xml version="1.0" encoding="utf-8"?><testsuites name="pytest tests"><testsuite name="pytest" errors="0" failures="0" skipped="0" tests="138" time="624.582" timestamp="2026-09-17T23:59:29.804293+08:00" hostname="LAPTOP-BBTJFC78"><testcase classname="tests.test_api" name="test_pairing_single_use_expiry_cookie_and_logout" time="0.646" /><testcase classname="tests.test_api" name="test_origin_host_csrf_are_independent_guards" time="0.553" /><testcase classname="tests.test_api" name="test_idempotent_replay_precedes_business_and_conflicting_body_is_rejected" time="0.737" /><testcase classname="tests.test_api" name="test_upload_authorization_size_dedup_and_active_content_isolation" time="0.801" /><testcase classname="tests.test_api" name="test_schema_validation_does_not_echo_private_input" time="0.921" /><testcase classname="tests.test_api" name="test_sse_rejects_future_conflicting_and_wrong_run_cursors_before_stream" time="0.583" /><testcase classname="tests.test_api" name="test_feature_unavailable_is_explicit" time="0.705" /><testcase classname="tests.test_api" name="test_static_plugin_routes_use_typed_manifest_and_idempotency" time="0.622" /><testcase classname="tests.test_api" name="test_public_message_schema_accepts_empty_tool_call_assistant_text" time="0.001" /><testcase classname="tests.test_config_policy_skills_integration" name="test_named_policy_and_default_context_are_resolved_and_unknown_refs_rejected" time="1.142" /><testcase classname="tests.test_config_policy_skills_integration" name="test_skill_current_source_revocation_and_binary_resource_gateway_artifact" time="2.384" /><testcase classname="tests.test_cross_module_guards" name="test_future_schema_rejected_without_changing_database" time="0.038" /><testcase classname="tests.test_cross_module_guards" name="test_selected_skill_hash_drift_is_rejected_before_run_is_created" time="0.628" /><testcase classname="tests.test_cross_module_guards" name="test_frozen_local_only_never_expands_when_live_policy_is_relaxed" time="0.794" /><testcase classname="tests.test_cross_module_guards" name="test_cancel_closes_pending_form_and_rejects_stale_reply" time="1.067" /><testcase classname="tests.test_cross_module_guards" name="test_idempotent_none_receipt_and_content_free_metrics" time="0.570" /><testcase classname="tests.test_integration" name="test_production_worker_text_tool_approval_and_input" time="134.384" /><testcase classname="tests.test_integration" name="test_one_worker_slot_parent_releases_for_child" time="43.499" /><testcase classname="tests.test_integration" name="test_steering_persists_once_and_fork_retains_working_history" time="23.420" /><testcase classname="tests.test_mcp" name="test_p01_http_interop_resources_prompts_and_reentrant[request-sse-modern_only]" time="0.514" /><testcase classname="tests.test_mcp" name="test_p01_http_interop_resources_prompts_and_reentrant[request-sse-legacy_only]" time="0.307" /><testcase classname="tests.test_mcp" name="test_p01_http_interop_resources_prompts_and_reentrant[json-response-modern_only]" time="0.216" /><testcase classname="tests.test_mcp" name="test_p01_http_interop_resources_prompts_and_reentrant[json-response-legacy_only]" time="0.304" /><testcase classname="tests.test_mcp" name="test_p01_stdio_interop_and_run_scope[modern_only]" time="5.416" /><testcase classname="tests.test_mcp" name="test_p01_stdio_interop_and_run_scope[legacy_only]" time="2.918" /><testcase classname="tests.test_mcp" name="test_p01_stdio_vault_reference_target_binding_and_schema" time="3.641" /><testcase classname="tests.test_mcp" name="test_p02_errors_cancel_and_gateway_authorization[request-sse]" time="0.418" /><testcase classname="tests.test_mcp" name="test_p02_errors_cancel_and_gateway_authorization[json-response]" time="1.608" /><testcase classname="tests.test_mcp" name="test_p04_elicitation_refusal_and_diagnostic_no_tools[request-sse-modern_only]" time="0.328" /><testcase classname="tests.test_mcp" name="test_p04_elicitation_refusal_and_diagnostic_no_tools[request-sse-legacy_only]" time="0.423" /><testcase classname="tests.test_mcp" name="test_p04_elicitation_refusal_and_diagnostic_no_tools[json-response-modern_only]" time="0.321" /><testcase classname="tests.test_mcp" name="test_p04_elicitation_refusal_and_diagnostic_no_tools[json-response-legacy_only]" time="0.421" /><testcase classname="tests.test_mcp" name="test_mp05_elicitation_bridge[request-sse-modern_only]" time="0.334" /><testcase classname="tests.test_mcp" name="test_mp05_elicitation_bridge[request-sse-legacy_only]" time="0.331" /><testcase classname="tests.test_mcp" name="test_mp05_elicitation_bridge[json-response-modern_only]" time="0.324" /><testcase classname="tests.test_mcp" name="test_mp05_elicitation_bridge[json-response-legacy_only]" time="0.323" /><testcase classname="tests.test_mcp" name="test_p03_empty_repeated_cursor_schema_and_identity_partition" time="0.011" /><testcase classname="tests.test_mcp" name="test_p01_explicit_legacy_sse" time="0.309" /><testcase classname="tests.test_mcp_authorization" name="test_mp05_durable_oauth_restart_state_issuer_replay_and_no_plaintext" time="0.298" /><testcase classname="tests.test_mcp_continuation" name="test_legacy_profile_elicitation_flag_preserves_noninteractive_tools[request-sse]" time="3.035" /><testcase classname="tests.test_mcp_continuation" name="test_legacy_profile_elicitation_flag_preserves_noninteractive_tools[json-response]" time="3.108" /><testcase classname="tests.test_mcp_continuation" name="test_mp05_modern_mrtr_production_gateway_checkpoint_restart_and_pinned_profile[request-sse]" time="74.940" /><testcase classname="tests.test_mcp_continuation" name="test_mp05_modern_mrtr_production_gateway_checkpoint_restart_and_pinned_profile[json-response]" time="74.263" /><testcase classname="tests.test_mcp_oauth" name="test_mp05_oauth_pkce_discovery_registration_callback_and_vault" time="0.010" /><testcase classname="tests.test_mcp_oauth" name="test_mp05_oauth_rejects_callback_state_and_issuer[invalid_state]" time="0.034" /><testcase classname="tests.test_mcp_oauth" name="test_mp05_oauth_rejects_callback_state_and_issuer[invalid_issuer]" time="0.019" /><testcase classname="tests.test_model_fake_ip" name="test_official_https_fake_ip_diagnostic_and_saved_grants[openai]" time="0.393" /><testcase classname="tests.test_model_fake_ip" name="test_official_https_fake_ip_diagnostic_and_saved_grants[anthropic]" time="0.388" /><testcase classname="tests.test_model_fake_ip" name="test_official_https_fake_ip_diagnostic_and_saved_grants[deepseek]" time="0.381" /><testcase classname="tests.test_model_fake_ip" name="test_official_https_fake_ip_diagnostic_and_saved_grants[qwen]" time="0.382" /><testcase classname="tests.test_model_fake_ip" name="test_official_https_fake_ip_diagnostic_and_saved_grants[tencent]" time="0.403" /><testcase classname="tests.test_model_fake_ip" name="test_official_https_fake_ip_diagnostic_and_saved_grants[siliconflow]" time="0.400" /><testcase classname="tests.test_model_fake_ip" name="test_fake_ip_exception_requires_exact_official_model_authority[http://api.deepseek.com-model-True]" time="0.328" /><testcase classname="tests.test_model_fake_ip" name="test_fake_ip_exception_requires_exact_official_model_authority[https://api.deepseek.com:8443-model-True]" time="0.345" /><testcase classname="tests.test_model_fake_ip" name="test_fake_ip_exception_requires_exact_official_model_authority[https://api.deepseek.com/other-model-True]" time="0.344" /><testcase classname="tests.test_model_fake_ip" name="test_fake_ip_exception_requires_exact_official_model_authority[https://api.deepseek.com?target=other-model-True]" time="0.331" /><testcase classname="tests.test_model_fake_ip" name="test_fake_ip_exception_requires_exact_official_model_authority[https://custom.example/v1-model-True]" time="0.338" /><testcase classname="tests.test_model_fake_ip" name="test_fake_ip_exception_requires_exact_official_model_authority[https://198.18.0.88-model-True]" time="0.331" /><testcase classname="tests.test_model_fake_ip" name="test_fake_ip_exception_requires_exact_official_model_authority[https://api.deepseek.com-fetch-True]" time="0.316" /><testcase classname="tests.test_model_fake_ip" name="test_fake_ip_exception_requires_exact_official_model_authority[https://api.deepseek.com-mcp-True]" time="0.334" /><testcase classname="tests.test_model_fake_ip" name="test_fake_ip_exception_requires_exact_official_model_authority[https://api.deepseek.com-model-False]" time="0.346" /><testcase classname="tests.test_model_fake_ip" name="test_fake_ip_mixed_with_private_or_other_reserved_addresses_is_denied[10.0.0.1]" time="0.353" /><testcase classname="tests.test_model_fake_ip" name="test_fake_ip_mixed_with_private_or_other_reserved_addresses_is_denied[169.254.169.254]" time="0.335" /><testcase classname="tests.test_model_fake_ip" name="test_fake_ip_mixed_with_private_or_other_reserved_addresses_is_denied[192.0.2.1]" time="0.343" /><testcase classname="tests.test_model_fake_ip" name="test_fake_ip_mixed_with_private_or_other_reserved_addresses_is_denied[fc00::1]" time="0.340" /><testcase classname="tests.test_model_fake_ip" name="test_fake_ip_mixed_with_private_or_other_reserved_addresses_is_denied[127.0.0.1]" time="0.336" /><testcase classname="tests.test_model_fake_ip" name="test_fake_ip_does_not_bypass_egress_restrictions[policy0]" time="0.360" /><testcase classname="tests.test_model_fake_ip" name="test_fake_ip_does_not_bypass_egress_restrictions[policy1]" time="0.356" /><testcase classname="tests.test_model_fake_ip" name="test_fake_ip_does_not_bypass_platform_hosts_or_revocation" time="0.447" /><testcase classname="tests.test_model_providers" name="test_real_adapter_protocol_fixture_multi_round[openai-chat_completions-/v1]" time="21.115" /><testcase classname="tests.test_model_providers" name="test_real_adapter_protocol_fixture_multi_round[anthropic-messages-]" time="17.069" /><testcase classname="tests.test_model_providers" name="test_real_adapter_protocol_fixture_multi_round[ollama-chat-]" time="5.032" /><testcase classname="tests.test_model_providers" name="test_gateway_retry_owner_unknown_usage_and_cancellation" time="0.009" /><testcase classname="tests.test_model_providers" name="test_unverified_tool_capability_is_text_only_and_diagnostics_are_bounded" time="0.016" /><testcase classname="tests.test_model_providers" name="test_gateway_stream_rejects_missing_finish_and_does_not_leak_fragments" time="0.008" /><testcase classname="tests.test_model_providers" name="test_model_handle_does_not_inherit_ambient_remote_tracing" time="0.022" /><testcase classname="tests.test_model_setup" name="test_setup_probe_save_revision_credentials_and_default_context" time="12.817" /><testcase classname="tests.test_model_setup" name="test_setup_redirect_bound_error_and_anonymous_custom" time="8.430" /><testcase classname="tests.test_model_setup" name="test_setup_concurrent_save_cas_rolls_back_new_key" time="3.731" /><testcase classname="tests.test_model_setup" name="test_model_grants_do_not_bypass_scope_egress_or_ssrf" time="0.204" /><testcase classname="tests.test_model_setup" name="test_setup_maintenance_and_pinned_configuration" time="0.144" /><testcase classname="tests.test_model_setup_api" name="test_setup_routes_require_auth_host_origin_and_csrf" time="0.351" /><testcase classname="tests.test_model_setup_api" name="test_model_setup_save_requires_idempotency_and_binds_secret_without_persisting_it" time="0.357" /><testcase classname="tests.test_model_setup_api" name="test_discovery_and_test_keep_keys_ephemeral_and_do_not_write_commands" time="0.279" /><testcase classname="tests.test_model_setup_api" name="test_setup_validation_secretstr_and_provider_exceptions_do_not_echo_keys" time="0.506" /><testcase classname="tests.test_model_setup_api" name="test_maintenance_blocks_every_model_setup_post_including_cached_save" time="0.357" /><testcase classname="tests.test_model_setup_api" name="test_existing_profile_empty_key_preserves_vault_reference_and_expected_revision" time="0.401" /><testcase classname="tests.test_platform" name="test_configuration_precedence_narrowing_and_secret_rejection" time="0.055" /><testcase classname="tests.test_platform" name="test_pf01_busy_port_and_identity_do_not_kill_other_process" time="0.134" /><testcase classname="tests.test_platform" name="test_pf01_real_dual_process_start_duplicate_stop_and_redacted_doctor" time="3.044" /><testcase classname="tests.test_platform" name="test_d01_cli_coordinated_backup_restore_and_preserve_source" time="0.338" /><testcase classname="tests.test_platform" name="test_pf01_windows_atomic_status_retry_keeps_last_good_snapshot" time="0.113" /><testcase classname="tests.test_platform" name="test_pf01_status_read_retries_sharing_violation_and_fails_closed" time="0.101" /><testcase classname="tests.test_platform_config_integration" name="test_platform_host_allowlist_can_only_narrow" time="0.069" /><testcase classname="tests.test_platform_config_integration" name="test_default_platform_permission_cap_applies_to_diagnostics" time="0.446" /><testcase classname="tests.test_platform_config_integration" name="test_pf01_real_api_worker_share_effective_config_and_run_cap" time="14.389" /><testcase classname="tests.test_plugins" name="test_s02_atomic_registry_factory_allowlist_and_rollback" time="0.002" /><testcase classname="tests.test_plugins" name="test_s02_drain_waiting_run_and_restart" time="0.004" /><testcase classname="tests.test_plugins" name="test_s02_dependencies_and_manifest_are_not_grants" time="0.002" /><testcase classname="tests.test_plugins" name="test_s02_restart_retains_old_and_new_versions_together" time="0.004" /><testcase classname="tests.test_plugins_integration" name="test_plugin_agent_ports_snapshot_drain_restart_and_terminal_release" time="42.543" /><testcase classname="tests.test_plugins_integration" name="test_plugin_static_ports_are_atomic_untrusted_and_no_executable_shell" time="0.315" /><testcase classname="tests.test_projects" name="test_legacy_project_and_multiple_sessions_survive_reopen" time="0.366" /><testcase classname="tests.test_projects" name="test_secondary_folder_tools_and_project_boundary" time="0.687" /><testcase classname="tests.test_projects" name="test_project_validation_picker_and_auth" time="0.318" /><testcase classname="tests.test_projects" name="test_launcher_uses_running_port_and_does_not_print_ticket" time="0.063" /><testcase classname="tests.test_recovery_process" name="test_os_exit_after_command_effect_requires_review_and_never_replays" time="7.770" /><testcase classname="tests.test_recovery_process" name="test_os_process_exit_after_file_effect_before_ledger_recovers_without_rewrite" time="31.881" /><testcase classname="tests.test_recovery_process" name="test_cancel_barrier_prevents_child_and_unknown_never_replays" time="0.793" /><testcase classname="tests.test_release_smoke" name="test_production_launch_run_artifact_backup_restore" time="30.783" /><testcase classname="tests.test_runtime_context_gateway" name="test_context_policy_is_frozen_per_run_and_does_not_mutate_shared_service" time="0.354" /><testcase classname="tests.test_runtime_context_gateway" name="test_real_create_agent_tool_loop_and_persistent_checkpoint" time="0.650" /><testcase classname="tests.test_runtime_context_gateway" name="test_interrupt_persists_and_resumes_after_new_runtime" time="0.835" /><testcase classname="tests.test_runtime_context_gateway" name="test_model_checkpoint_before_tool_recovery_keeps_call_id" time="0.716" /><testcase classname="tests.test_runtime_context_gateway" name="test_ledger_saved_before_checkpoint_recovers_without_second_effect" time="0.720" /><testcase classname="tests.test_runtime_context_gateway" name="test_failure_before_model_checkpoint_has_no_tool_effect" time="0.371" /><testcase classname="tests.test_runtime_context_gateway" name="test_stream_assembler_never_accepts_partial_or_invalid_calls" time="0.003" /><testcase classname="tests.test_runtime_context_gateway" name="test_history_and_budget_contracts" time="0.002" /><testcase classname="tests.test_runtime_context_gateway" name="test_context_hard_limit_and_immutable_sources" time="0.335" /><testcase classname="tests.test_runtime_context_gateway" name="test_compaction_cas_cannot_overwrite_new_input" time="0.365" /><testcase classname="tests.test_runtime_context_gateway" name="test_memory_review_isolation_cas_delete" time="0.283" /><testcase classname="tests.test_runtime_context_gateway" name="test_production_summary_profile_and_pin_revision_are_in_context" time="0.510" /><testcase classname="tests.test_runtime_context_gateway" name="test_pin_change_during_summary_does_not_activate_old_summary" time="0.349" /><testcase classname="tests.test_runtime_context_gateway" name="test_attachment_resolution_reads_bounded_text_and_verified_images" time="0.472" /><testcase classname="tests.test_scheduler" name="test_parallel_interrupt_barrier_expiry_is_not_approval" time="0.917" /><testcase classname="tests.test_scheduler" name="test_expired_dead_worker_recovery_fences_original_attempt" time="0.860" /><testcase classname="tests.test_scheduler" name="test_global_permit_and_unknown_budget_remain_distinct" time="0.744" /><testcase classname="tests.test_scheduler" name="test_maintenance_drains_without_claiming_queued_tasks" time="0.822" /><testcase classname="tests.test_skills" name="test_s01_fixed_snapshot_conflicts_and_escape" time="0.327" /><testcase classname="tests.test_skills" name="test_s01_invalid_safe_yaml_and_policy" time="0.122" /><testcase classname="tests.test_skills" name="test_s01_snapshot_tamper_and_limits" time="0.083" /><testcase classname="tests.test_skills" name="test_remote_skill_requires_verified_extension" time="0.002" /><testcase classname="tests.test_storage_tools" name="test_canonical_json_and_concurrent_budget" time="0.844" /><testcase classname="tests.test_storage_tools" name="test_atomic_artifacts_corruption_and_scope" time="0.857" /><testcase classname="tests.test_storage_tools" name="test_file_approval_binding_replay_and_version_conflict" time="2.223" /><testcase classname="tests.test_storage_tools" name="test_path_escape_and_policy_revocation" time="0.894" /><testcase classname="tests.test_storage_tools" name="test_process_bounded_output_and_tree_timeout" time="3.143" /><testcase classname="tests.test_storage_tools" name="test_transaction_rolls_back_and_stale_fence" time="0.724" /></testsuite></testsuites>